%!Adobe-FontList 1.20
%Locale:0x409

%BeginFont
Handler:DirectoryHandler
FontType:TrueType
FontName:Arial-BoldMT
FamilyName:Arial
StyleName:Bold
MenuName:Arial
StyleBits:2
WeightClass:700
WidthClass:5
AngleClass:0
FullName:Arial Bold
WritingScript:Roman
OutlineFileName:/Users/danielscott/Team Awesome Dropbox/Daniel Scott/Video - XD - Nov 18/2 Files/Exercise Files/Images/InDesign/Document fonts/Arial Bold.ttf
DataFormat:sfntData
hasSVG:no
VariableFontType:NonVariableFont
FileLength:751104
FileModTime:455094000
NameArray:0,Mac,4,Arial Bold
NameArray:0,Win,1,Arial
%EndFont

